#
# There is insufficient memory for the Java Runtime Environment to continue.
# Native memory allocation (malloc) failed to allocate 1048576 bytes for AllocateHeap
# Possible reasons:
#   The system is out of physical RAM or swap space
#   The process is running with CompressedOops enabled, and the Java Heap may be blocking the growth of the native heap
# Possible solutions:
#   Reduce memory load on the system
#   Increase physical memory or swap space
#   Check if swap backing store is full
#   Decrease Java heap size (-Xmx/-Xms)
#   Decrease number of Java threads
#   Decrease Java thread stack sizes (-Xss)
#   Set larger code cache with -XX:ReservedCodeCacheSize=
#   JVM is running with Unscaled Compressed Oops mode in which the Java heap is
#     placed in the first 4GB address space. The Java Heap base address is the
#     maximum limit for the native heap growth. Please use -XX:HeapBaseMinAddress
#     to set the Java Heap base and to place the Java Heap above 4GB virtual address.
# This output file may be truncated or incomplete.
#
#  Out of Memory Error (allocation.cpp:44), pid=37200, tid=32468
#
# JRE version: OpenJDK Runtime Environment Temurin-17.0.9+9 (17.0.9+9) (build 17.0.9+9)
# Java VM: OpenJDK 64-Bit Server VM Temurin-17.0.9+9 (17.0.9+9, mixed mode, emulated-client, tiered, compressed oops, compressed class ptrs, g1 gc, windows-amd64)
# No core dump will be written. Minidumps are not enabled by default on client versions of Windows
#

---------------  S U M M A R Y ------------

Command Line: -XX:+HeapDumpOnOutOfMemoryError -Xmx1024m -Dsts.lsp.client=vscode -Dsts.log.file=/dev/null -XX:TieredStopAtLevel=1 -Xlog:jni+resolve=off -Dspring.config.location=file:c:\Users\Asus\.vscode\extensions\vmware.vscode-spring-boot-1.51.0\language-server\BOOT-INF\classes\application.properties org.springframework.ide.vscode.boot.app.BootLanguageServerBootApp

Host: 11th Gen Intel(R) Core(TM) i7-1165G7 @ 2.80GHz, 8 cores, 7G,  Windows 11 , 64 bit Build 22621 (10.0.22621.2506)
Time: Tue Dec 12 19:07:51 2023 SE Asia Standard Time elapsed time: 212.562329 seconds (0d 0h 3m 32s)

---------------  T H R E A D  ---------------

Current thread (0x0000016d406d97e0):  VMThread "VM Thread" [stack: 0x0000004f6ee00000,0x0000004f6ef00000] [id=32468]

Stack: [0x0000004f6ee00000,0x0000004f6ef00000]
Native frames: (J=compiled Java code, j=interpreted, Vv=VM code, C=native code)
V  [jvm.dll+0x67cf49]
V  [jvm.dll+0x83478a]
V  [jvm.dll+0x83624e]
V  [jvm.dll+0x8368b3]
V  [jvm.dll+0x247f1f]
V  [jvm.dll+0xa6b4b]
V  [jvm.dll+0x2f8e73]
V  [jvm.dll+0x2f4af0]
V  [jvm.dll+0x2dd0d7]
V  [jvm.dll+0x320357]
V  [jvm.dll+0x83adab]
V  [jvm.dll+0x83baf1]
V  [jvm.dll+0x83c00d]
V  [jvm.dll+0x83c3e4]
V  [jvm.dll+0x83c4b0]
V  [jvm.dll+0x7e3c3a]
V  [jvm.dll+0x67be35]
C  [ucrtbase.dll+0x29363]
C  [KERNEL32.DLL+0x1257d]
C  [ntdll.dll+0x5aa58]

VM_Operation (0x0000004f704ff010): G1CollectFull, mode: safepoint, requested by thread 0x0000016d464c5790


---------------  P R O C E S S  ---------------

Threads class SMR info:
_java_thread_list=0x0000016d45ce72b0, length=21, elements={
0x0000016d4072b140, 0x0000016d4072c3b0, 0x0000016d40751930, 0x0000016d40752400,
0x0000016d40878070, 0x0000016d4087b4f0, 0x0000016d4088d860, 0x0000016d4088e910,
0x0000016d40a82bb0, 0x0000016d40a88b70, 0x0000016d46321660, 0x0000016d464c5790,
0x0000016d464e5060, 0x0000016d358f3030, 0x0000016d460827f0, 0x0000016d4654f550,
0x0000016d46446f80, 0x0000016d464479d0, 0x0000016d4656be20, 0x0000016d4656f0c0,
0x0000016d4656e6a0
}

Java Threads: ( => current thread )
  0x0000016d4072b140 JavaThread "Reference Handler" daemon [_thread_blocked, id=36836, stack(0x0000004f6ef00000,0x0000004f6f000000)]
  0x0000016d4072c3b0 JavaThread "Finalizer" daemon [_thread_blocked, id=36224, stack(0x0000004f6f000000,0x0000004f6f100000)]
  0x0000016d40751930 JavaThread "Signal Dispatcher" daemon [_thread_blocked, id=23488, stack(0x0000004f6f100000,0x0000004f6f200000)]
  0x0000016d40752400 JavaThread "Attach Listener" daemon [_thread_blocked, id=28816, stack(0x0000004f6f200000,0x0000004f6f300000)]
  0x0000016d40878070 JavaThread "Service Thread" daemon [_thread_blocked, id=39184, stack(0x0000004f6f300000,0x0000004f6f400000)]
  0x0000016d4087b4f0 JavaThread "Monitor Deflation Thread" daemon [_thread_blocked, id=30056, stack(0x0000004f6f400000,0x0000004f6f500000)]
  0x0000016d4088d860 JavaThread "C1 CompilerThread0" daemon [_thread_blocked, id=34120, stack(0x0000004f6f500000,0x0000004f6f600000)]
  0x0000016d4088e910 JavaThread "Sweeper thread" daemon [_thread_blocked, id=30508, stack(0x0000004f6f600000,0x0000004f6f700000)]
  0x0000016d40a82bb0 JavaThread "Notification Thread" daemon [_thread_blocked, id=40488, stack(0x0000004f6f800000,0x0000004f6f900000)]
  0x0000016d40a88b70 JavaThread "Common-Cleaner" daemon [_thread_blocked, id=38552, stack(0x0000004f6fa00000,0x0000004f6fb00000)]
  0x0000016d46321660 JavaThread "boundedElastic-evictor-1" daemon [_thread_blocked, id=34064, stack(0x0000004f70000000,0x0000004f70100000)]
  0x0000016d464c5790 JavaThread "pool-12-thread-1" [_thread_blocked, id=12428, stack(0x0000004f70400000,0x0000004f70500000)]
  0x0000016d464e5060 JavaThread "LanguageServerApp-lifecycle" [_thread_blocked, id=35228, stack(0x0000004f70500000,0x0000004f70600000)]
  0x0000016d358f3030 JavaThread "DestroyJavaVM" [_thread_blocked, id=39104, stack(0x0000004f6e800000,0x0000004f6e900000)]
  0x0000016d460827f0 JavaThread "pool-13-thread-1" [_thread_in_native, id=5232, stack(0x0000004f70600000,0x0000004f70700000)]
  0x0000016d4654f550 JavaThread "Simple-Language-Server main thread" daemon [_thread_blocked, id=35636, stack(0x0000004f70700000,0x0000004f70800000)]
  0x0000016d46446f80 JavaThread "pool-8-thread-1" [_thread_blocked, id=31452, stack(0x0000004f70800000,0x0000004f70900000)]
  0x0000016d464479d0 JavaThread "parallel-1" daemon [_thread_blocked, id=24468, stack(0x0000004f70900000,0x0000004f70a00000)]
  0x0000016d4656be20 JavaThread "parallel-2" daemon [_thread_blocked, id=34276, stack(0x0000004f70a00000,0x0000004f70b00000)]
  0x0000016d4656f0c0 JavaThread "parallel-3" daemon [_thread_blocked, id=39680, stack(0x0000004f70b00000,0x0000004f70c00000)]
  0x0000016d4656e6a0 JavaThread "Reconciler-1" daemon [_thread_blocked, id=38952, stack(0x0000004f70d00000,0x0000004f70e00000)]

Other Threads:
=>0x0000016d406d97e0 VMThread "VM Thread" [stack: 0x0000004f6ee00000,0x0000004f6ef00000] [id=32468]
  0x0000016d40a838b0 WatcherThread [stack: 0x0000004f6f900000,0x0000004f6fa00000] [id=40604]
  0x0000016d35932700 GCTaskThread "GC Thread#0" [stack: 0x0000004f6e900000,0x0000004f6ea00000] [id=37592]
  0x0000016d457fe890 GCTaskThread "GC Thread#1" [stack: 0x0000004f6fb00000,0x0000004f6fc00000] [id=40696]
  0x0000016d458bd250 GCTaskThread "GC Thread#2" [stack: 0x0000004f6fc00000,0x0000004f6fd00000] [id=40240]
  0x0000016d45778dc0 GCTaskThread "GC Thread#3" [stack: 0x0000004f6fd00000,0x0000004f6fe00000] [id=39164]
  0x0000016d45b30830 GCTaskThread "GC Thread#4" [stack: 0x0000004f6fe00000,0x0000004f6ff00000] [id=40428]
  0x0000016d45b30af0 GCTaskThread "GC Thread#5" [stack: 0x0000004f6ff00000,0x0000004f70000000] [id=40644]
  0x0000016d45d3e060 GCTaskThread "GC Thread#6" [stack: 0x0000004f70100000,0x0000004f70200000] [id=40364]
  0x0000016d45df5480 GCTaskThread "GC Thread#7" [stack: 0x0000004f70200000,0x0000004f70300000] [id=27988]
  0x0000016d3593b560 ConcurrentGCThread "G1 Main Marker" [stack: 0x0000004f6ea00000,0x0000004f6eb00000] [id=13420]
  0x0000016d3593be90 ConcurrentGCThread "G1 Conc#0" [stack: 0x0000004f6eb00000,0x0000004f6ec00000] [id=37248]
  0x0000016d45da1e50 ConcurrentGCThread "G1 Conc#1" [stack: 0x0000004f70300000,0x0000004f70400000] [id=40548]
  0x0000016d3599e5a0 ConcurrentGCThread "G1 Refine#0" [stack: 0x0000004f6ec00000,0x0000004f6ed00000] [id=40512]
  0x0000016d405730b0 ConcurrentGCThread "G1 Service" [stack: 0x0000004f6ed00000,0x0000004f6ee00000] [id=40736]

Threads with active compile tasks:

VM state: at safepoint (normal execution)

VM Mutex/Monitor currently owned by a thread:  ([mutex/lock_event])
[0x0000016d3376f320] Threads_lock - owner thread: 0x0000016d406d97e0
[0x0000016d358f0b10] Heap_lock - owner thread: 0x0000016d464c5790

Heap address: 0x00000000c0000000, size: 1024 MB, Compressed Oops mode: 32-bit

CDS archive(s) not mapped
Compressed class space mapped at: 0x0000000100000000-0x0000000140000000, reserved size: 1073741824
Narrow klass base: 0x0000000000000000, Narrow klass shift: 3, Narrow klass range: 0x140000000

GC Precious Log:
 CPUs: 8 total, 8 available
 Memory: 7870M
 Large Page Support: Disabled
 NUMA Support: Disabled
 Compressed Oops: Enabled (32-bit)
 Heap Region Size: 1M
 Heap Min Capacity: 8M
 Heap Initial Capacity: 124M
 Heap Max Capacity: 1G
 Pre-touch: Disabled
 Parallel Workers: 8
 Concurrent Workers: 2
 Concurrent Refinement Workers: 8
 Periodic GC: Disabled

Heap:
 garbage-first heap   total 75776K, used 22234K [0x00000000c0000000, 0x0000000100000000)
  region size 1024K, 1 young (1024K), 0 survivors (0K)
 Metaspace       used 38417K, committed 38976K, reserved 1114112K
  class space    used 5054K, committed 5248K, reserved 1048576K

Heap Regions: E=young(eden), S=young(survivor), O=old, HS=humongous(starts), HC=humongous(continues), CS=collection set, F=free, OA=open archive, CA=closed archive, TAMS=top-at-mark-start (previous, next)
|   0|0x00000000c0000000, 0x00000000c0100000, 0x00000000c0100000|100%|HS|  |TAMS 0x00000000c0100000, 0x00000000c0000000| Untracked 
|   1|0x00000000c0100000, 0x00000000c0200000, 0x00000000c0200000|100%|HC|  |TAMS 0x00000000c0200000, 0x00000000c0100000| Untracked 
|   2|0x00000000c0200000, 0x00000000c0300000, 0x00000000c0300000|100%|HC|  |TAMS 0x00000000c0300000, 0x00000000c0200000| Untracked 
|   3|0x00000000c0300000, 0x00000000c0400000, 0x00000000c0400000|100%|HC|  |TAMS 0x00000000c0400000, 0x00000000c0300000| Untracked 
|   4|0x00000000c0400000, 0x00000000c04ffff0, 0x00000000c0500000| 99%| O|  |TAMS 0x00000000c04ffff0, 0x00000000c0400000| Untracked 
|   5|0x00000000c0500000, 0x00000000c0600000, 0x00000000c0600000|100%| O|  |TAMS 0x00000000c0600000, 0x00000000c0500000| Untracked 
|   6|0x00000000c0600000, 0x00000000c0700000, 0x00000000c0700000|100%| O|  |TAMS 0x00000000c0700000, 0x00000000c0600000| Untracked 
|   7|0x00000000c0700000, 0x00000000c07fffe0, 0x00000000c0800000| 99%| O|  |TAMS 0x00000000c07fffe0, 0x00000000c0700000| Untracked 
|   8|0x00000000c0800000, 0x00000000c08ffff8, 0x00000000c0900000| 99%| O|  |TAMS 0x00000000c08ffff8, 0x00000000c0800000| Untracked 
|   9|0x00000000c0900000, 0x00000000c0a00000, 0x00000000c0a00000|100%| O|  |TAMS 0x00000000c0a00000, 0x00000000c0900000| Untracked 
|  10|0x00000000c0a00000, 0x00000000c0b00000, 0x00000000c0b00000|100%| O|  |TAMS 0x00000000c0b00000, 0x00000000c0a00000| Untracked 
|  11|0x00000000c0b00000, 0x00000000c0c00000, 0x00000000c0c00000|100%| O|  |TAMS 0x00000000c0c00000, 0x00000000c0b00000| Untracked 
|  12|0x00000000c0c00000, 0x00000000c0d00000, 0x00000000c0d00000|100%| O|  |TAMS 0x00000000c0d00000, 0x00000000c0c00000| Untracked 
|  13|0x00000000c0d00000, 0x00000000c0dffff8, 0x00000000c0e00000| 99%| O|  |TAMS 0x00000000c0dffff8, 0x00000000c0d00000| Untracked 
|  14|0x00000000c0e00000, 0x00000000c0efffc8, 0x00000000c0f00000| 99%| O|  |TAMS 0x00000000c0efffc8, 0x00000000c0e00000| Untracked 
|  15|0x00000000c0f00000, 0x00000000c0ffffe0, 0x00000000c1000000| 99%| O|  |TAMS 0x00000000c0ffffe0, 0x00000000c0f00000| Untracked 
|  16|0x00000000c1000000, 0x00000000c10ffff0, 0x00000000c1100000| 99%| O|  |TAMS 0x00000000c10ffff0, 0x00000000c1000000| Untracked 
|  17|0x00000000c1100000, 0x00000000c1200000, 0x00000000c1200000|100%| O|  |TAMS 0x00000000c1200000, 0x00000000c1100000| Untracked 
|  18|0x00000000c1200000, 0x00000000c12fffe8, 0x00000000c1300000| 99%| O|  |TAMS 0x00000000c12fffe8, 0x00000000c1200000| Untracked 
|  19|0x00000000c1300000, 0x00000000c13ffff0, 0x00000000c1400000| 99%| O|  |TAMS 0x00000000c13ffff0, 0x00000000c1300000| Untracked 
|  20|0x00000000c1400000, 0x00000000c14d5ce0, 0x00000000c1500000| 83%| O|  |TAMS 0x00000000c1400000, 0x00000000c1400000| Untracked 
|  21|0x00000000c1500000, 0x00000000c15e0c40, 0x00000000c1600000| 87%| O|  |TAMS 0x00000000c1500000, 0x00000000c1500000| Untracked 
|  22|0x00000000c1600000, 0x00000000c1600000, 0x00000000c1700000|  0%| F|  |TAMS 0x00000000c1600000, 0x00000000c1600000| Untracked 
|  23|0x00000000c1700000, 0x00000000c1700000, 0x00000000c1800000|  0%| F|  |TAMS 0x00000000c1700000, 0x00000000c1700000| Untracked 
|  24|0x00000000c1800000, 0x00000000c1800000, 0x00000000c1900000|  0%| F|  |TAMS 0x00000000c1800000, 0x00000000c1800000| Untracked 
|  25|0x00000000c1900000, 0x00000000c1900000, 0x00000000c1a00000|  0%| F|  |TAMS 0x00000000c1900000, 0x00000000c1900000| Untracked 
|  26|0x00000000c1a00000, 0x00000000c1a00000, 0x00000000c1b00000|  0%| F|  |TAMS 0x00000000c1a00000, 0x00000000c1a00000| Untracked 
|  27|0x00000000c1b00000, 0x00000000c1b00000, 0x00000000c1c00000|  0%| F|  |TAMS 0x00000000c1b00000, 0x00000000c1b00000| Untracked 
|  28|0x00000000c1c00000, 0x00000000c1c00000, 0x00000000c1d00000|  0%| F|  |TAMS 0x00000000c1c00000, 0x00000000c1c00000| Untracked 
|  29|0x00000000c1d00000, 0x00000000c1d00000, 0x00000000c1e00000|  0%| F|  |TAMS 0x00000000c1d00000, 0x00000000c1d00000| Untracked 
|  30|0x00000000c1e00000, 0x00000000c1e00000, 0x00000000c1f00000|  0%| F|  |TAMS 0x00000000c1e00000, 0x00000000c1e00000| Untracked 
|  31|0x00000000c1f00000, 0x00000000c1f00000, 0x00000000c2000000|  0%| F|  |TAMS 0x00000000c1f00000, 0x00000000c1f00000| Untracked 
|  32|0x00000000c2000000, 0x00000000c2000000, 0x00000000c2100000|  0%| F|  |TAMS 0x00000000c2000000, 0x00000000c2000000| Untracked 
|  33|0x00000000c2100000, 0x00000000c2100000, 0x00000000c2200000|  0%| F|  |TAMS 0x00000000c2100000, 0x00000000c2100000| Untracked 
|  34|0x00000000c2200000, 0x00000000c2200000, 0x00000000c2300000|  0%| F|  |TAMS 0x00000000c2200000, 0x00000000c2200000| Untracked 
|  35|0x00000000c2300000, 0x00000000c2300000, 0x00000000c2400000|  0%| F|  |TAMS 0x00000000c2300000, 0x00000000c2300000| Untracked 
|  36|0x00000000c2400000, 0x00000000c2400000, 0x00000000c2500000|  0%| F|  |TAMS 0x00000000c2400000, 0x00000000c2400000| Untracked 
|  37|0x00000000c2500000, 0x00000000c2500000, 0x00000000c2600000|  0%| F|  |TAMS 0x00000000c2500000, 0x00000000c2500000| Untracked 
|  38|0x00000000c2600000, 0x00000000c2600000, 0x00000000c2700000|  0%| F|  |TAMS 0x00000000c2600000, 0x00000000c2600000| Untracked 
|  39|0x00000000c2700000, 0x00000000c2700000, 0x00000000c2800000|  0%| F|  |TAMS 0x00000000c2700000, 0x00000000c2700000| Untracked 
|  40|0x00000000c2800000, 0x00000000c2800000, 0x00000000c2900000|  0%| F|  |TAMS 0x00000000c2800000, 0x00000000c2800000| Untracked 
|  41|0x00000000c2900000, 0x00000000c2900000, 0x00000000c2a00000|  0%| F|  |TAMS 0x00000000c2900000, 0x00000000c2900000| Untracked 
|  42|0x00000000c2a00000, 0x00000000c2a00000, 0x00000000c2b00000|  0%| F|  |TAMS 0x00000000c2a00000, 0x00000000c2a00000| Untracked 
|  43|0x00000000c2b00000, 0x00000000c2b00000, 0x00000000c2c00000|  0%| F|  |TAMS 0x00000000c2b00000, 0x00000000c2b00000| Untracked 
|  44|0x00000000c2c00000, 0x00000000c2c00000, 0x00000000c2d00000|  0%| F|  |TAMS 0x00000000c2c00000, 0x00000000c2c00000| Untracked 
|  45|0x00000000c2d00000, 0x00000000c2d00000, 0x00000000c2e00000|  0%| F|  |TAMS 0x00000000c2d00000, 0x00000000c2d00000| Untracked 
|  46|0x00000000c2e00000, 0x00000000c2e00000, 0x00000000c2f00000|  0%| F|  |TAMS 0x00000000c2e00000, 0x00000000c2e00000| Untracked 
|  47|0x00000000c2f00000, 0x00000000c2f00000, 0x00000000c3000000|  0%| F|  |TAMS 0x00000000c2f00000, 0x00000000c2f00000| Untracked 
|  48|0x00000000c3000000, 0x00000000c3000000, 0x00000000c3100000|  0%| F|  |TAMS 0x00000000c3000000, 0x00000000c3000000| Untracked 
|  49|0x00000000c3100000, 0x00000000c3100000, 0x00000000c3200000|  0%| F|  |TAMS 0x00000000c3100000, 0x00000000c3100000| Untracked 
|  50|0x00000000c3200000, 0x00000000c3200000, 0x00000000c3300000|  0%| F|  |TAMS 0x00000000c3200000, 0x00000000c3200000| Untracked 
|  51|0x00000000c3300000, 0x00000000c3300000, 0x00000000c3400000|  0%| F|  |TAMS 0x00000000c3300000, 0x00000000c3300000| Untracked 
|  52|0x00000000c3400000, 0x00000000c3400000, 0x00000000c3500000|  0%| F|  |TAMS 0x00000000c3400000, 0x00000000c3400000| Untracked 
|  53|0x00000000c3500000, 0x00000000c3500000, 0x00000000c3600000|  0%| F|  |TAMS 0x00000000c3500000, 0x00000000c3500000| Untracked 
|  54|0x00000000c3600000, 0x00000000c3600000, 0x00000000c3700000|  0%| F|  |TAMS 0x00000000c3600000, 0x00000000c3600000| Untracked 
|  55|0x00000000c3700000, 0x00000000c3700000, 0x00000000c3800000|  0%| F|  |TAMS 0x00000000c3700000, 0x00000000c3700000| Untracked 
|  56|0x00000000c3800000, 0x00000000c3800000, 0x00000000c3900000|  0%| F|  |TAMS 0x00000000c3800000, 0x00000000c3800000| Untracked 
|  57|0x00000000c3900000, 0x00000000c3900000, 0x00000000c3a00000|  0%| F|  |TAMS 0x00000000c3900000, 0x00000000c3900000| Untracked 
|  58|0x00000000c3a00000, 0x00000000c3a00000, 0x00000000c3b00000|  0%| F|  |TAMS 0x00000000c3a00000, 0x00000000c3a00000| Untracked 
|  59|0x00000000c3b00000, 0x00000000c3b00000, 0x00000000c3c00000|  0%| F|  |TAMS 0x00000000c3b00000, 0x00000000c3b00000| Untracked 
|  60|0x00000000c3c00000, 0x00000000c3c00000, 0x00000000c3d00000|  0%| F|  |TAMS 0x00000000c3c00000, 0x00000000c3c00000| Untracked 
|  61|0x00000000c3d00000, 0x00000000c3d00000, 0x00000000c3e00000|  0%| F|  |TAMS 0x00000000c3d00000, 0x00000000c3d00000| Untracked 
|  62|0x00000000c3e00000, 0x00000000c3e00000, 0x00000000c3f00000|  0%| F|  |TAMS 0x00000000c3e00000, 0x00000000c3e00000| Untracked 
|  63|0x00000000c3f00000, 0x00000000c3f00000, 0x00000000c4000000|  0%| F|  |TAMS 0x00000000c3f00000, 0x00000000c3f00000| Untracked 
|  64|0x00000000c4000000, 0x00000000c4000000, 0x00000000c4100000|  0%| F|  |TAMS 0x00000000c4000000, 0x00000000c4000000| Untracked 
|  65|0x00000000c4100000, 0x00000000c4100000, 0x00000000c4200000|  0%| F|  |TAMS 0x00000000c4100000, 0x00000000c4100000| Untracked 
|  66|0x00000000c4200000, 0x00000000c4200000, 0x00000000c4300000|  0%| F|  |TAMS 0x00000000c4200000, 0x00000000c4200000| Untracked 
|  67|0x00000000c4300000, 0x00000000c4300000, 0x00000000c4400000|  0%| F|  |TAMS 0x00000000c4300000, 0x00000000c4300000| Untracked 
|  68|0x00000000c4400000, 0x00000000c4400000, 0x00000000c4500000|  0%| F|  |TAMS 0x00000000c4400000, 0x00000000c4400000| Untracked 
|  69|0x00000000c4500000, 0x00000000c4500000, 0x00000000c4600000|  0%| F|  |TAMS 0x00000000c4500000, 0x00000000c4500000| Untracked 
|  70|0x00000000c4600000, 0x00000000c4600000, 0x00000000c4700000|  0%| F|  |TAMS 0x00000000c4600000, 0x00000000c4600000| Untracked 
|  71|0x00000000c4700000, 0x00000000c4700000, 0x00000000c4800000|  0%| F|  |TAMS 0x00000000c4700000, 0x00000000c4700000| Untracked 
|  72|0x00000000c4800000, 0x00000000c4800000, 0x00000000c4900000|  0%| F|  |TAMS 0x00000000c4800000, 0x00000000c4800000| Untracked 
|  73|0x00000000c4900000, 0x00000000c4936a08, 0x00000000c4a00000| 21%| E|  |TAMS 0x00000000c4900000, 0x00000000c4900000| Complete 

Card table byte_map: [0x0000016d3b890000,0x0000016d3ba90000] _byte_map_base: 0x0000016d3b290000

Marking Bits (Prev, Next): (CMBitMap*) 0x0000016d35932c70, (CMBitMap*) 0x0000016d35932c30
 Prev Bits: [0x0000016d3cc90000, 0x0000016d3dc90000)
 Next Bits: [0x0000016d3bc90000, 0x0000016d3cc90000)

Polling page: 0x0000016d350a0000

Metaspace:

Usage:
  Non-class:     32.58 MB used.
      Class:      4.94 MB used.
       Both:     37.52 MB used.

Virtual space:
  Non-class space:       64.00 MB reserved,      32.94 MB ( 51%) committed,  1 nodes.
      Class space:        1.00 GB reserved,       5.12 MB ( <1%) committed,  1 nodes.
             Both:        1.06 GB reserved,      38.06 MB (  3%) committed. 

Chunk freelists:
   Non-Class:  14.55 MB
       Class:  10.84 MB
        Both:  25.39 MB

MaxMetaspaceSize: unlimited
CompressedClassSpaceSize: 1.00 GB
Initial GC threshold: 21.00 MB
Current GC threshold: 63.44 MB
CDS: off
MetaspaceReclaimPolicy: balanced
 - commit_granule_bytes: 65536.
 - commit_granule_words: 8192.
 - virtual_space_node_default_size: 8388608.
 - enlarge_chunks_in_place: 1.
 - new_chunks_are_fully_committed: 0.
 - uncommit_free_chunks: 1.
 - use_allocation_guard: 0.
 - handle_deallocations: 1.


Internal statistics:

num_allocs_failed_limit: 6.
num_arena_births: 502.
num_arena_deaths: 152.
num_vsnodes_births: 2.
num_vsnodes_deaths: 0.
num_space_committed: 609.
num_space_uncommitted: 0.
num_chunks_returned_to_freelist: 168.
num_chunks_taken_from_freelist: 1640.
num_chunk_merges: 52.
num_chunk_splits: 1142.
num_chunks_enlarged: 865.
num_inconsistent_stats: 0.

CodeCache: size=49152Kb used=6642Kb max_used=7195Kb free=42509Kb
 bounds [0x0000016d38580000, 0x0000016d38c90000, 0x0000016d3b580000]
 total_blobs=4076 nmethods=3534 adapters=468
 compilation: enabled
              stopped_count=0, restarted_count=0
 full_count=0

Compilation events (20 events):
Event: 5.373 Thread 0x0000016d40a6fe50 3523       1       jdk.internal.reflect.Reflection::verifyMemberAccess (200 bytes)
Event: 5.374 Thread 0x0000016d40a6fe50 nmethod 3523 0x0000016d38c85610 code [0x0000016d38c85980, 0x0000016d38c867a8]
Event: 23.181 Thread 0x0000016d4088d860 3524       1       jdk.internal.reflect.DelegatingMethodAccessorImpl::setDelegate (6 bytes)
Event: 23.181 Thread 0x0000016d4088d860 nmethod 3524 0x0000016d38728890 code [0x0000016d38728a20, 0x0000016d38728b38]
Event: 23.183 Thread 0x0000016d4088d860 3525       1       com.google.gson.stream.JsonWriter::setHtmlSafe (6 bytes)
Event: 23.183 Thread 0x0000016d4088d860 nmethod 3525 0x0000016d38728590 code [0x0000016d38728720, 0x0000016d387287f8]
Event: 23.183 Thread 0x0000016d4088d860 3526       1       com.google.gson.stream.JsonWriter::setLenient (6 bytes)
Event: 23.183 Thread 0x0000016d4088d860 nmethod 3526 0x0000016d38728290 code [0x0000016d38728420, 0x0000016d387284f8]
Event: 23.183 Thread 0x0000016d4088d860 3527       1       com.google.gson.stream.JsonWriter::setSerializeNulls (6 bytes)
Event: 23.183 Thread 0x0000016d4088d860 nmethod 3527 0x0000016d38727f90 code [0x0000016d38728120, 0x0000016d387281f8]
Event: 77.002 Thread 0x0000016d4088d860 3530       1       java.lang.Thread::interrupted (23 bytes)
Event: 77.007 Thread 0x0000016d4088d860 nmethod 3530 0x0000016d38727690 code [0x0000016d38727820, 0x0000016d38727908]
Event: 99.337 Thread 0x0000016d4088d860 3531       1       java.net.URI$Parser::scan (41 bytes)
Event: 99.344 Thread 0x0000016d4088d860 nmethod 3531 0x0000016d38726f10 code [0x0000016d387270e0, 0x0000016d387273d8]
Event: 114.397 Thread 0x0000016d4088d860 3532       1       java.util.concurrent.locks.AbstractQueuedSynchronizer::signalNext (34 bytes)
Event: 114.433 Thread 0x0000016d4088d860 nmethod 3532 0x0000016d38726b10 code [0x0000016d38726ca0, 0x0000016d38726de8]
Event: 184.378 Thread 0x0000016d4088d860 3533       1       java.util.ArrayList::<init> (63 bytes)
Event: 186.415 Thread 0x0000016d4088d860 nmethod 3533 0x0000016d38726590 code [0x0000016d38726760, 0x0000016d38726a38]
Event: 204.384 Thread 0x0000016d4088d860 3534       1       java.util.concurrent.ThreadPoolExecutor::runStateAtLeast (11 bytes)
Event: 204.387 Thread 0x0000016d4088d860 nmethod 3534 0x0000016d38726290 code [0x0000016d38726420, 0x0000016d387264d8]

GC Heap History (20 events):
Event: 4.387 GC heap before
{Heap before GC invocations=8 (full 0):
 garbage-first heap   total 87040K, used 28911K [0x00000000c0000000, 0x0000000100000000)
  region size 1024K, 8 young (8192K), 4 survivors (4096K)
 Metaspace       used 35588K, committed 35968K, reserved 1114112K
  class space    used 4579K, committed 4800K, reserved 1048576K
}
Event: 4.392 GC heap after
{Heap after GC invocations=9 (full 0):
 garbage-first heap   total 87040K, used 26189K [0x00000000c0000000, 0x0000000100000000)
  region size 1024K, 3 young (3072K), 3 survivors (3072K)
 Metaspace       used 35588K, committed 35968K, reserved 1114112K
  class space    used 4579K, committed 4800K, reserved 1048576K
}
Event: 55.433 GC heap before
{Heap before GC invocations=10 (full 0):
 garbage-first heap   total 87040K, used 45645K [0x00000000c0000000, 0x0000000100000000)
  region size 1024K, 23 young (23552K), 3 survivors (3072K)
 Metaspace       used 38569K, committed 38976K, reserved 1114112K
  class space    used 5092K, committed 5248K, reserved 1048576K
}
Event: 56.066 GC heap after
{Heap after GC invocations=11 (full 1):
 garbage-first heap   total 87040K, used 25818K [0x00000000c0000000, 0x0000000100000000)
  region size 1024K, 0 young (0K), 0 survivors (0K)
 Metaspace       used 38569K, committed 38976K, reserved 1114112K
  class space    used 5092K, committed 5248K, reserved 1048576K
}
Event: 66.953 GC heap before
{Heap before GC invocations=11 (full 1):
 garbage-first heap   total 87040K, used 25818K [0x00000000c0000000, 0x0000000100000000)
  region size 1024K, 1 young (1024K), 0 survivors (0K)
 Metaspace       used 38569K, committed 38976K, reserved 1114112K
  class space    used 5092K, committed 5248K, reserved 1048576K
}
Event: 66.989 GC heap after
{Heap after GC invocations=12 (full 2):
 garbage-first heap   total 87040K, used 25815K [0x00000000c0000000, 0x0000000100000000)
  region size 1024K, 0 young (0K), 0 survivors (0K)
 Metaspace       used 38569K, committed 38976K, reserved 1114112K
  class space    used 5092K, committed 5248K, reserved 1048576K
}
Event: 77.813 GC heap before
{Heap before GC invocations=12 (full 2):
 garbage-first heap   total 87040K, used 25815K [0x00000000c0000000, 0x0000000100000000)
  region size 1024K, 1 young (1024K), 0 survivors (0K)
 Metaspace       used 38569K, committed 38976K, reserved 1114112K
  class space    used 5092K, committed 5248K, reserved 1048576K
}
Event: 78.747 GC heap after
{Heap after GC invocations=13 (full 3):
 garbage-first heap   total 75776K, used 22234K [0x00000000c0000000, 0x0000000100000000)
  region size 1024K, 0 young (0K), 0 survivors (0K)
 Metaspace       used 38417K, committed 38976K, reserved 1114112K
  class space    used 5054K, committed 5248K, reserved 1048576K
}
Event: 89.605 GC heap before
{Heap before GC invocations=13 (full 3):
 garbage-first heap   total 75776K, used 22234K [0x00000000c0000000, 0x0000000100000000)
  region size 1024K, 1 young (1024K), 0 survivors (0K)
 Metaspace       used 38417K, committed 38976K, reserved 1114112K
  class space    used 5054K, committed 5248K, reserved 1048576K
}
Event: 89.631 GC heap after
{Heap after GC invocations=14 (full 4):
 garbage-first heap   total 75776K, used 22234K [0x00000000c0000000, 0x0000000100000000)
  region size 1024K, 0 young (0K), 0 survivors (0K)
 Metaspace       used 38417K, committed 38976K, reserved 1114112K
  class space    used 5054K, committed 5248K, reserved 1048576K
}
Event: 131.249 GC heap before
{Heap before GC invocations=14 (full 4):
 garbage-first heap   total 75776K, used 22234K [0x00000000c0000000, 0x0000000100000000)
  region size 1024K, 1 young (1024K), 0 survivors (0K)
 Metaspace       used 38417K, committed 38976K, reserved 1114112K
  class space    used 5054K, committed 5248K, reserved 1048576K
}
Event: 131.905 GC heap after
{Heap after GC invocations=15 (full 5):
 garbage-first heap   total 75776K, used 22234K [0x00000000c0000000, 0x0000000100000000)
  region size 1024K, 0 young (0K), 0 survivors (0K)
 Metaspace       used 38417K, committed 38976K, reserved 1114112K
  class space    used 5054K, committed 5248K, reserved 1048576K
}
Event: 142.705 GC heap before
{Heap before GC invocations=15 (full 5):
 garbage-first heap   total 75776K, used 22234K [0x00000000c0000000, 0x0000000100000000)
  region size 1024K, 1 young (1024K), 0 survivors (0K)
 Metaspace       used 38417K, committed 38976K, reserved 1114112K
  class space    used 5054K, committed 5248K, reserved 1048576K
}
Event: 142.729 GC heap after
{Heap after GC invocations=16 (full 6):
 garbage-first heap   total 75776K, used 22234K [0x00000000c0000000, 0x0000000100000000)
  region size 1024K, 0 young (0K), 0 survivors (0K)
 Metaspace       used 38417K, committed 38976K, reserved 1114112K
  class space    used 5054K, committed 5248K, reserved 1048576K
}
Event: 153.484 GC heap before
{Heap before GC invocations=16 (full 6):
 garbage-first heap   total 75776K, used 22234K [0x00000000c0000000, 0x0000000100000000)
  region size 1024K, 1 young (1024K), 0 survivors (0K)
 Metaspace       used 38417K, committed 38976K, reserved 1114112K
  class space    used 5054K, committed 5248K, reserved 1048576K
}
Event: 153.503 GC heap after
{Heap after GC invocations=17 (full 7):
 garbage-first heap   total 75776K, used 22234K [0x00000000c0000000, 0x0000000100000000)
  region size 1024K, 0 young (0K), 0 survivors (0K)
 Metaspace       used 38417K, committed 38976K, reserved 1114112K
  class space    used 5054K, committed 5248K, reserved 1048576K
}
Event: 164.356 GC heap before
{Heap before GC invocations=17 (full 7):
 garbage-first heap   total 75776K, used 22234K [0x00000000c0000000, 0x0000000100000000)
  region size 1024K, 1 young (1024K), 0 survivors (0K)
 Metaspace       used 38417K, committed 38976K, reserved 1114112K
  class space    used 5054K, committed 5248K, reserved 1048576K
}
Event: 164.402 GC heap after
{Heap after GC invocations=18 (full 8):
 garbage-first heap   total 75776K, used 22234K [0x00000000c0000000, 0x0000000100000000)
  region size 1024K, 0 young (0K), 0 survivors (0K)
 Metaspace       used 38417K, committed 38976K, reserved 1114112K
  class space    used 5054K, committed 5248K, reserved 1048576K
}
Event: 175.424 GC heap before
{Heap before GC invocations=18 (full 8):
 garbage-first heap   total 75776K, used 22234K [0x00000000c0000000, 0x0000000100000000)
  region size 1024K, 1 young (1024K), 0 survivors (0K)
 Metaspace       used 38417K, committed 38976K, reserved 1114112K
  class space    used 5054K, committed 5248K, reserved 1048576K
}
Event: 175.458 GC heap after
{Heap after GC invocations=19 (full 9):
 garbage-first heap   total 75776K, used 22234K [0x00000000c0000000, 0x0000000100000000)
  region size 1024K, 0 young (0K), 0 survivors (0K)
 Metaspace       used 38417K, committed 38976K, reserved 1114112K
  class space    used 5054K, committed 5248K, reserved 1048576K
}

Dll operation events (8 events):
Event: 0.064 Loaded shared library c:\Users\Asus\.vscode\extensions\redhat.java-1.25.1-win32-x64\jre\17.0.9-win32-x86_64\bin\java.dll
Event: 0.668 Loaded shared library C:\Users\Asus\.vscode\extensions\redhat.java-1.25.1-win32-x64\jre\17.0.9-win32-x86_64\bin\net.dll
Event: 0.672 Loaded shared library C:\Users\Asus\.vscode\extensions\redhat.java-1.25.1-win32-x64\jre\17.0.9-win32-x86_64\bin\nio.dll
Event: 0.686 Loaded shared library C:\Users\Asus\.vscode\extensions\redhat.java-1.25.1-win32-x64\jre\17.0.9-win32-x86_64\bin\zip.dll
Event: 1.131 Loaded shared library C:\Users\Asus\.vscode\extensions\redhat.java-1.25.1-win32-x64\jre\17.0.9-win32-x86_64\bin\jimage.dll
Event: 3.946 Loaded shared library c:\Users\Asus\.vscode\extensions\redhat.java-1.25.1-win32-x64\jre\17.0.9-win32-x86_64\bin\verify.dll
Event: 4.442 Loaded shared library C:\Users\Asus\.vscode\extensions\redhat.java-1.25.1-win32-x64\jre\17.0.9-win32-x86_64\bin\management.dll
Event: 4.447 Loaded shared library C:\Users\Asus\.vscode\extensions\redhat.java-1.25.1-win32-x64\jre\17.0.9-win32-x86_64\bin\management_ext.dll

Deoptimization events (12 events):
Event: 2.677 Thread 0x0000016d358f3030 DEOPT PACKING pc=0x0000016d38a6b699 sp=0x0000004f6e8fd5c0
Event: 2.677 Thread 0x0000016d358f3030 DEOPT UNPACKING pc=0x0000016d385dace3 sp=0x0000004f6e8fcaa0 mode 3
Event: 3.101 Thread 0x0000016d358f3030 DEOPT PACKING pc=0x0000016d38ae3dd5 sp=0x0000004f6e8fec00
Event: 3.101 Thread 0x0000016d358f3030 DEOPT UNPACKING pc=0x0000016d385dace3 sp=0x0000004f6e8fe0a8 mode 3
Event: 4.676 Thread 0x0000016d4654f550 DEOPT PACKING pc=0x0000016d38c717b5 sp=0x0000004f707fe3c0
Event: 4.676 Thread 0x0000016d4654f550 DEOPT UNPACKING pc=0x0000016d385dace3 sp=0x0000004f707fd8d8 mode 3
Event: 4.786 Thread 0x0000016d460827f0 DEOPT PACKING pc=0x0000016d38a16f01 sp=0x0000004f706fdd60
Event: 4.786 Thread 0x0000016d460827f0 DEOPT UNPACKING pc=0x0000016d385dace3 sp=0x0000004f706fd1f0 mode 3
Event: 4.819 Thread 0x0000016d46446f80 DEOPT PACKING pc=0x0000016d389fab17 sp=0x0000004f708ff390
Event: 4.819 Thread 0x0000016d46446f80 DEOPT UNPACKING pc=0x0000016d385dace3 sp=0x0000004f708fe7e8 mode 3
Event: 99.178 Thread 0x0000016d460827f0 DEOPT PACKING pc=0x0000016d38aec9d4 sp=0x0000004f706fef40
Event: 99.179 Thread 0x0000016d460827f0 DEOPT UNPACKING pc=0x0000016d385dace3 sp=0x0000004f706fe3e8 mode 0

Classes unloaded (20 events):
Event: 77.838 Thread 0x0000016d406d97e0 Unloading class 0x0000000100094800 'java/lang/invoke/LambdaForm$MH+0x0000000100094800'
Event: 77.838 Thread 0x0000016d406d97e0 Unloading class 0x0000000100094400 'java/lang/invoke/LambdaForm$MH+0x0000000100094400'
Event: 77.838 Thread 0x0000016d406d97e0 Unloading class 0x000000010008e800 'java/lang/invoke/LambdaForm$MH+0x000000010008e800'
Event: 77.838 Thread 0x0000016d406d97e0 Unloading class 0x000000010008e400 'java/lang/invoke/LambdaForm$MH+0x000000010008e400'
Event: 77.838 Thread 0x0000016d406d97e0 Unloading class 0x000000010008e000 'java/lang/invoke/LambdaForm$MH+0x000000010008e000'
Event: 77.838 Thread 0x0000016d406d97e0 Unloading class 0x000000010008dc00 'java/lang/invoke/LambdaForm$MH+0x000000010008dc00'
Event: 77.838 Thread 0x0000016d406d97e0 Unloading class 0x000000010008d800 'java/lang/invoke/LambdaForm$MH+0x000000010008d800'
Event: 77.838 Thread 0x0000016d406d97e0 Unloading class 0x000000010008d400 'java/lang/invoke/LambdaForm$MH+0x000000010008d400'
Event: 77.838 Thread 0x0000016d406d97e0 Unloading class 0x000000010008cc00 'java/lang/invoke/LambdaForm$MH+0x000000010008cc00'
Event: 77.838 Thread 0x0000016d406d97e0 Unloading class 0x000000010008c800 'java/lang/invoke/LambdaForm$MH+0x000000010008c800'
Event: 77.838 Thread 0x0000016d406d97e0 Unloading class 0x000000010008c000 'java/lang/invoke/LambdaForm$MH+0x000000010008c000'
Event: 77.838 Thread 0x0000016d406d97e0 Unloading class 0x000000010008bc00 'java/lang/invoke/LambdaForm$MH+0x000000010008bc00'
Event: 77.838 Thread 0x0000016d406d97e0 Unloading class 0x000000010008ac00 'java/lang/invoke/LambdaForm$MH+0x000000010008ac00'
Event: 77.839 Thread 0x0000016d406d97e0 Unloading class 0x000000010008a400 'java/lang/invoke/LambdaForm$MH+0x000000010008a400'
Event: 77.839 Thread 0x0000016d406d97e0 Unloading class 0x000000010008a000 'java/lang/invoke/LambdaForm$MH+0x000000010008a000'
Event: 77.839 Thread 0x0000016d406d97e0 Unloading class 0x0000000100089c00 'java/lang/invoke/LambdaForm$MH+0x0000000100089c00'
Event: 77.839 Thread 0x0000016d406d97e0 Unloading class 0x0000000100089800 'java/lang/invoke/LambdaForm$MH+0x0000000100089800'
Event: 77.839 Thread 0x0000016d406d97e0 Unloading class 0x0000000100089400 'java/lang/invoke/LambdaForm$MH+0x0000000100089400'
Event: 77.839 Thread 0x0000016d406d97e0 Unloading class 0x0000000100088c00 'java/lang/invoke/LambdaForm$MH+0x0000000100088c00'
Event: 77.839 Thread 0x0000016d406d97e0 Unloading class 0x0000000100088400 'java/lang/invoke/LambdaForm$MH+0x0000000100088400'

Classes redefined (0 events):
No events

Internal exceptions (20 events):
Event: 3.291 Thread 0x0000016d358f3030 Exception <a 'java/lang/NoSuchMethodError'{0x00000000c3687910}: 'java.lang.Object java.lang.invoke.DirectMethodHandle$Holder.invokeSpecial(java.lang.Object, java.lang.Object, int, java.lang.Object, java.lang.Object)'> (0x00000000c3687910) 
thrown [s\src\hotspot\share\interpreter\linkResolver.cpp, line 759]
Event: 3.291 Thread 0x0000016d358f3030 Exception <a 'java/lang/NoSuchMethodError'{0x00000000c368b5b8}: 'java.lang.Object java.lang.invoke.DelegatingMethodHandle$Holder.delegate(java.lang.Object, int, java.lang.Object, java.lang.Object)'> (0x00000000c368b5b8) 
thrown [s\src\hotspot\share\interpreter\linkResolver.cpp, line 759]
Event: 3.292 Thread 0x0000016d358f3030 Exception <a 'java/lang/NoSuchMethodError'{0x00000000c369c440}: 'int java.lang.invoke.Invokers$Holder.linkToTargetMethod(java.lang.Object, java.lang.Object, java.lang.Object)'> (0x00000000c369c440) 
thrown [s\src\hotspot\share\interpreter\linkResolver.cpp, line 759]
Event: 3.368 Thread 0x0000016d358f3030 Exception <a 'java/lang/NoSuchMethodError'{0x00000000c32fd1d8}: 'java.lang.Object java.lang.invoke.DirectMethodHandle$Holder.invokeStaticInit(java.lang.Object, int, int, int, int)'> (0x00000000c32fd1d8) 
thrown [s\src\hotspot\share\interpreter\linkResolver.cpp, line 759]
Event: 3.476 Thread 0x0000016d358f3030 Exception <a 'java/lang/NoSuchMethodError'{0x00000000c31e3c10}: 'java.lang.Object java.lang.invoke.DirectMethodHandle$Holder.invokeStaticInit(java.lang.Object, java.lang.Object, int, int, int, int)'> (0x00000000c31e3c10) 
thrown [s\src\hotspot\share\interpreter\linkResolver.cpp, line 759]
Event: 3.675 Thread 0x0000016d358f3030 Exception <a 'java/lang/NoSuchMethodError'{0x00000000c5be60a8}: 'void java.lang.invoke.DirectMethodHandle$Holder.invokeSpecialIFC(java.lang.Object, java.lang.Object, java.lang.Object)'> (0x00000000c5be60a8) 
thrown [s\src\hotspot\share\interpreter\linkResolver.cpp, line 759]
Event: 4.069 Thread 0x0000016d358f3030 Exception <a 'java/lang/NoSuchMethodError'{0x00000000c304a778}: 'int java.lang.invoke.DirectMethodHandle$Holder.invokeStaticInit(java.lang.Object, java.lang.Object, int, java.lang.Object)'> (0x00000000c304a778) 
thrown [s\src\hotspot\share\interpreter\linkResolver.cpp, line 759]
Event: 4.118 Thread 0x0000016d358f3030 Exception <a 'java/lang/NoSuchMethodError'{0x00000000c2f598d0}: 'void java.lang.invoke.DirectMethodHandle$Holder.invokeSpecial(java.lang.Object, java.lang.Object, java.lang.Object, java.lang.Object, java.lang.Object, java.lang.Object, java.lang.Object)'> (0x00000000c2f598d0) 
thrown [s\src\hotspot\share\interpreter\linkResolver.cpp, line 759]
Event: 4.248 Thread 0x0000016d358f3030 Exception <a 'java/lang/NoSuchMethodError'{0x00000000c2b5e0f0}: 'java.lang.Object java.lang.invoke.DirectMethodHandle$Holder.invokeInterface(java.lang.Object, java.lang.Object, int)'> (0x00000000c2b5e0f0) 
thrown [s\src\hotspot\share\interpreter\linkResolver.cpp, line 759]
Event: 4.250 Thread 0x0000016d358f3030 Exception <a 'java/lang/IncompatibleClassChangeError'{0x00000000c2b71bb8}: Found class java.lang.Object, but interface was expected> (0x00000000c2b71bb8) 
thrown [s\src\hotspot\share\interpreter\linkResolver.cpp, line 826]
Event: 4.431 Thread 0x0000016d358f3030 Exception <a 'java/lang/NoSuchMethodError'{0x00000000c5bed200}: 'java.lang.Object java.lang.invoke.DirectMethodHandle$Holder.newInvokeSpecial(java.lang.Object, java.lang.Object, int, java.lang.Object, java.lang.Object)'> (0x00000000c5bed200) 
thrown [s\src\hotspot\share\interpreter\linkResolver.cpp, line 759]
Event: 4.432 Thread 0x0000016d358f3030 Exception <a 'java/lang/NoSuchMethodError'{0x00000000c5bfff80}: 'java.lang.Object java.lang.invoke.DirectMethodHandle$Holder.invokeSpecial(java.lang.Object, java.lang.Object, int, java.lang.Object, int, java.lang.Object)'> (0x00000000c5bfff80) 
thrown [s\src\hotspot\share\interpreter\linkResolver.cpp, line 759]
Event: 4.432 Thread 0x0000016d358f3030 Exception <a 'java/lang/NoSuchMethodError'{0x00000000c5a08078}: 'java.lang.Object java.lang.invoke.DirectMethodHandle$Holder.newInvokeSpecial(java.lang.Object, java.lang.Object, int, java.lang.Object, int)'> (0x00000000c5a08078) 
thrown [s\src\hotspot\share\interpreter\linkResolver.cpp, line 759]
Event: 4.432 Thread 0x0000016d358f3030 Exception <a 'java/lang/NoSuchMethodError'{0x00000000c5a0c178}: 'java.lang.Object java.lang.invoke.DirectMethodHandle$Holder.invokeSpecial(java.lang.Object, java.lang.Object, java.lang.Object, int, java.lang.Object, int)'> (0x00000000c5a0c178) 
thrown [s\src\hotspot\share\interpreter\linkResolver.cpp, line 759]
Event: 4.675 Thread 0x0000016d4654f550 Exception <a 'java/lang/NoSuchMethodError'{0x00000000c45e9680}: 'java.lang.Object java.lang.invoke.DirectMethodHandle$Holder.invokeStatic(java.lang.Object, int, java.lang.Object)'> (0x00000000c45e9680) 
thrown [s\src\hotspot\share\interpreter\linkResolver.cpp, line 759]
Event: 4.749 Thread 0x0000016d460827f0 Exception <a 'java/lang/NoSuchMethodError'{0x00000000c45a6d10}: 'java.lang.Object java.lang.invoke.DirectMethodHandle$Holder.invokeStatic(java.lang.Object, java.lang.Object, java.lang.Object, int, java.lang.Object, java.lang.Object)'> (0x00000000c45a6d10) 
thrown [s\src\hotspot\share\interpreter\linkResolver.cpp, line 759]
Event: 5.370 Thread 0x0000016d4656e6a0 Exception <a 'java/lang/NoSuchMethodError'{0x00000000c3e8bc18}: 'int java.lang.invoke.DirectMethodHandle$Holder.invokeStatic(java.lang.Object)'> (0x00000000c3e8bc18) 
thrown [s\src\hotspot\share\interpreter\linkResolver.cpp, line 759]
Event: 5.370 Thread 0x0000016d4656e6a0 Exception <a 'java/lang/NoSuchMethodError'{0x00000000c3e8f018}: 'int java.lang.invoke.DirectMethodHandle$Holder.invokeStaticInit(java.lang.Object)'> (0x00000000c3e8f018) 
thrown [s\src\hotspot\share\interpreter\linkResolver.cpp, line 759]
Event: 54.545 Thread 0x0000016d464c5790 Exception <a 'java/lang/NoSuchMethodError'{0x00000000c5b82ac8}: 'void java.lang.invoke.DirectMethodHandle$Holder.invokeStatic(java.lang.Object, long)'> (0x00000000c5b82ac8) 
thrown [s\src\hotspot\share\interpreter\linkResolver.cpp, line 759]
Event: 54.606 Thread 0x0000016d464c5790 Exception <a 'java/lang/NoSuchMethodError'{0x00000000c5b87e70}: 'java.lang.Object java.lang.invoke.DirectMethodHandle$Holder.newInvokeSpecial(java.lang.Object, long)'> (0x00000000c5b87e70) 
thrown [s\src\hotspot\share\interpreter\linkResolver.cpp, line 759]

VM Operations (20 events):
Event: 60.196 Executing VM operation: HandshakeAllThreads done
Event: 66.900 Executing VM operation: G1CollectFull
Event: 66.990 Executing VM operation: G1CollectFull done
Event: 77.793 Executing VM operation: G1CollectFull
Event: 78.747 Executing VM operation: G1CollectFull done
Event: 89.543 Executing VM operation: G1CollectFull
Event: 89.631 Executing VM operation: G1CollectFull done
Event: 131.192 Executing VM operation: G1CollectFull
Event: 131.905 Executing VM operation: G1CollectFull done
Event: 142.648 Executing VM operation: G1CollectFull
Event: 142.729 Executing VM operation: G1CollectFull done
Event: 153.415 Executing VM operation: G1CollectFull
Event: 153.504 Executing VM operation: G1CollectFull done
Event: 164.312 Executing VM operation: G1CollectFull
Event: 164.402 Executing VM operation: G1CollectFull done
Event: 175.368 Executing VM operation: G1CollectFull
Event: 175.459 Executing VM operation: G1CollectFull done
Event: 194.632 Executing VM operation: Cleanup
Event: 194.632 Executing VM operation: Cleanup done
Event: 205.879 Executing VM operation: G1CollectFull

Events (20 events):
Event: 5.372 loading class java/util/concurrent/atomic/AtomicLongFieldUpdater$CASUpdater
Event: 5.372 loading class java/util/concurrent/atomic/AtomicLongFieldUpdater$CASUpdater done
Event: 5.372 loading class java/util/concurrent/atomic/AtomicLongFieldUpdater$CASUpdater$1
Event: 5.373 loading class java/util/concurrent/atomic/AtomicLongFieldUpdater$CASUpdater$1 done
Event: 10.378 Thread 0x0000016d40a6fe50 Thread exited: 0x0000016d40a6fe50
Event: 54.504 loading class java/lang/ProcessBuilder
Event: 54.507 loading class java/lang/ProcessBuilder done
Event: 54.508 loading class java/lang/ProcessImpl
Event: 54.510 loading class java/lang/ProcessImpl done
Event: 54.634 loading class java/lang/ProcessImpl$2
Event: 54.636 loading class java/lang/ProcessImpl$2 done
Event: 54.640 loading class java/lang/Process$PipeInputStream
Event: 54.641 loading class java/lang/Process$PipeInputStream done
Event: 54.653 loading class jdk/internal/event/ProcessStartEvent
Event: 54.656 loading class jdk/internal/event/ProcessStartEvent done
Event: 55.389 loading class java/io/FileOutputStream$1
Event: 55.411 loading class java/io/FileOutputStream$1 done
Event: 83.197 Thread 0x0000016d4656d260 Thread exited: 0x0000016d4656d260
Event: 99.260 Thread 0x0000016d4656ebb0 Thread added: 0x0000016d4656ebb0
Event: 159.426 Thread 0x0000016d4656ebb0 Thread exited: 0x0000016d4656ebb0


Dynamic libraries:
0x00007ff7b73c0000 - 0x00007ff7b73ce000 	c:\Users\Asus\.vscode\extensions\redhat.java-1.25.1-win32-x64\jre\17.0.9-win32-x86_64\bin\java.exe
0x00007ffe9e0f0000 - 0x00007ffe9e307000 	C:\WINDOWS\SYSTEM32\ntdll.dll
0x00007ffe9d8e0000 - 0x00007ffe9d9a4000 	C:\WINDOWS\System32\KERNEL32.DLL
0x00007ffe9b790000 - 0x00007ffe9bb35000 	C:\WINDOWS\System32\KERNELBASE.dll
0x00007ffe9bd20000 - 0x00007ffe9be31000 	C:\WINDOWS\System32\ucrtbase.dll
0x00007ffe596a0000 - 0x00007ffe596bb000 	c:\Users\Asus\.vscode\extensions\redhat.java-1.25.1-win32-x64\jre\17.0.9-win32-x86_64\bin\VCRUNTIME140.dll
0x00007ffe59680000 - 0x00007ffe59697000 	c:\Users\Asus\.vscode\extensions\redhat.java-1.25.1-win32-x64\jre\17.0.9-win32-x86_64\bin\jli.dll
0x00007ffe9c090000 - 0x00007ffe9c23e000 	C:\WINDOWS\System32\USER32.dll
0x00007ffe9b580000 - 0x00007ffe9b5a6000 	C:\WINDOWS\System32\win32u.dll
0x00007ffe9cea0000 - 0x00007ffe9cec9000 	C:\WINDOWS\System32\GDI32.dll
0x00007ffe86d20000 - 0x00007ffe86fb3000 	C:\WINDOWS\WinSxS\amd64_microsoft.windows.common-controls_6595b64144ccf1df_6.0.22621.2506_none_270c5ae97388e100\COMCTL32.dll
0x00007ffe9b5b0000 - 0x00007ffe9b6c9000 	C:\WINDOWS\System32\gdi32full.dll
0x00007ffe9da90000 - 0x00007ffe9db37000 	C:\WINDOWS\System32\msvcrt.dll
0x00007ffe9b460000 - 0x00007ffe9b4fa000 	C:\WINDOWS\System32\msvcp_win.dll
0x00007ffe9e050000 - 0x00007ffe9e081000 	C:\WINDOWS\System32\IMM32.DLL
0x00007ffe72a90000 - 0x00007ffe72a9c000 	c:\Users\Asus\.vscode\extensions\redhat.java-1.25.1-win32-x64\jre\17.0.9-win32-x86_64\bin\vcruntime140_1.dll
0x00007ffe595f0000 - 0x00007ffe5967d000 	c:\Users\Asus\.vscode\extensions\redhat.java-1.25.1-win32-x64\jre\17.0.9-win32-x86_64\bin\msvcp140.dll
0x00007ffe317f0000 - 0x00007ffe32451000 	c:\Users\Asus\.vscode\extensions\redhat.java-1.25.1-win32-x64\jre\17.0.9-win32-x86_64\bin\server\jvm.dll
0x00007ffe9c2d0000 - 0x00007ffe9c381000 	C:\WINDOWS\System32\ADVAPI32.dll
0x00007ffe9c390000 - 0x00007ffe9c436000 	C:\WINDOWS\System32\sechost.dll
0x00007ffe9ced0000 - 0x00007ffe9cfe7000 	C:\WINDOWS\System32\RPCRT4.dll
0x00007ffe9a4d0000 - 0x00007ffe9a51d000 	C:\WINDOWS\SYSTEM32\POWRPROF.dll
0x00007ffe72a80000 - 0x00007ffe72a89000 	C:\WINDOWS\SYSTEM32\WSOCK32.dll
0x00007ffe8efb0000 - 0x00007ffe8efe4000 	C:\WINDOWS\SYSTEM32\WINMM.dll
0x00007ffe9de80000 - 0x00007ffe9def1000 	C:\WINDOWS\System32\WS2_32.dll
0x00007ffe88ea0000 - 0x00007ffe88eaa000 	C:\WINDOWS\SYSTEM32\VERSION.dll
0x00007ffe9a4b0000 - 0x00007ffe9a4c3000 	C:\WINDOWS\SYSTEM32\UMPDC.dll
0x00007ffe9a520000 - 0x00007ffe9a538000 	C:\WINDOWS\SYSTEM32\kernel.appcore.dll
0x00007ffe71910000 - 0x00007ffe7191a000 	c:\Users\Asus\.vscode\extensions\redhat.java-1.25.1-win32-x64\jre\17.0.9-win32-x86_64\bin\jimage.dll
0x00007ffe98850000 - 0x00007ffe98a83000 	C:\WINDOWS\SYSTEM32\DBGHELP.DLL
0x00007ffe9d470000 - 0x00007ffe9d7f9000 	C:\WINDOWS\System32\combase.dll
0x00007ffe9d800000 - 0x00007ffe9d8d7000 	C:\WINDOWS\System32\OLEAUT32.dll
0x00007ffe85d10000 - 0x00007ffe85d42000 	C:\WINDOWS\SYSTEM32\dbgcore.DLL
0x00007ffe9b500000 - 0x00007ffe9b57a000 	C:\WINDOWS\System32\bcryptPrimitives.dll
0x00007ffe595c0000 - 0x00007ffe595e5000 	c:\Users\Asus\.vscode\extensions\redhat.java-1.25.1-win32-x64\jre\17.0.9-win32-x86_64\bin\java.dll
0x00007ffe595a0000 - 0x00007ffe595b8000 	c:\Users\Asus\.vscode\extensions\redhat.java-1.25.1-win32-x64\jre\17.0.9-win32-x86_64\bin\zip.dll
0x00007ffe9c440000 - 0x00007ffe9cc99000 	C:\WINDOWS\System32\SHELL32.dll
0x00007ffe99330000 - 0x00007ffe99c24000 	C:\WINDOWS\SYSTEM32\windows.storage.dll
0x00007ffe991f0000 - 0x00007ffe9932e000 	C:\WINDOWS\SYSTEM32\wintypes.dll
0x00007ffe9bf90000 - 0x00007ffe9c083000 	C:\WINDOWS\System32\SHCORE.dll
0x00007ffe9cca0000 - 0x00007ffe9ccfe000 	C:\WINDOWS\System32\shlwapi.dll
0x00007ffe9b390000 - 0x00007ffe9b3b6000 	C:\WINDOWS\SYSTEM32\profapi.dll
0x00007ffe59580000 - 0x00007ffe59599000 	C:\Users\Asus\.vscode\extensions\redhat.java-1.25.1-win32-x64\jre\17.0.9-win32-x86_64\bin\net.dll
0x00007ffe94bd0000 - 0x00007ffe94d07000 	C:\WINDOWS\SYSTEM32\WINHTTP.dll
0x00007ffe9a9d0000 - 0x00007ffe9aa39000 	C:\WINDOWS\system32\mswsock.dll
0x00007ffe59560000 - 0x00007ffe59576000 	C:\Users\Asus\.vscode\extensions\redhat.java-1.25.1-win32-x64\jre\17.0.9-win32-x86_64\bin\nio.dll
0x00007ffe9ac20000 - 0x00007ffe9ac3b000 	C:\WINDOWS\SYSTEM32\CRYPTSP.dll
0x00007ffe9a400000 - 0x00007ffe9a435000 	C:\WINDOWS\system32\rsaenh.dll
0x00007ffe9aac0000 - 0x00007ffe9aaec000 	C:\WINDOWS\SYSTEM32\USERENV.dll
0x00007ffe9ae10000 - 0x00007ffe9ae38000 	C:\WINDOWS\SYSTEM32\bcrypt.dll
0x00007ffe9ac40000 - 0x00007ffe9ac4c000 	C:\WINDOWS\SYSTEM32\CRYPTBASE.dll
0x00007ffe99ed0000 - 0x00007ffe99efd000 	C:\WINDOWS\SYSTEM32\IPHLPAPI.DLL
0x00007ffe9d9b0000 - 0x00007ffe9d9b9000 	C:\WINDOWS\System32\NSI.dll
0x00007ffe91440000 - 0x00007ffe91459000 	C:\WINDOWS\SYSTEM32\dhcpcsvc6.DLL
0x00007ffe90f50000 - 0x00007ffe90f6f000 	C:\WINDOWS\SYSTEM32\dhcpcsvc.DLL
0x00007ffe99f50000 - 0x00007ffe9a049000 	C:\WINDOWS\SYSTEM32\DNSAPI.dll
0x00007ffe6b520000 - 0x00007ffe6b530000 	c:\Users\Asus\.vscode\extensions\redhat.java-1.25.1-win32-x64\jre\17.0.9-win32-x86_64\bin\verify.dll
0x00007ffe8fe00000 - 0x00007ffe8fe09000 	C:\Users\Asus\.vscode\extensions\redhat.java-1.25.1-win32-x64\jre\17.0.9-win32-x86_64\bin\management.dll
0x00007ffe8fdf0000 - 0x00007ffe8fdfb000 	C:\Users\Asus\.vscode\extensions\redhat.java-1.25.1-win32-x64\jre\17.0.9-win32-x86_64\bin\management_ext.dll
0x00007ffe9beb0000 - 0x00007ffe9beb8000 	C:\WINDOWS\System32\PSAPI.DLL

dbghelp: loaded successfully - version: 4.0.5 - missing functions: none
symbol engine: initialized successfully - sym options: 0x614 - pdb path: .;c:\Users\Asus\.vscode\extensions\redhat.java-1.25.1-win32-x64\jre\17.0.9-win32-x86_64\bin;C:\WINDOWS\SYSTEM32;C:\WINDOWS\WinSxS\amd64_microsoft.windows.common-controls_6595b64144ccf1df_6.0.22621.2506_none_270c5ae97388e100;c:\Users\Asus\.vscode\extensions\redhat.java-1.25.1-win32-x64\jre\17.0.9-win32-x86_64\bin\server

VM Arguments:
jvm_args: -XX:+HeapDumpOnOutOfMemoryError -Xmx1024m -Dsts.lsp.client=vscode -Dsts.log.file=/dev/null -XX:TieredStopAtLevel=1 -Xlog:jni+resolve=off -Dspring.config.location=file:c:\Users\Asus\.vscode\extensions\vmware.vscode-spring-boot-1.51.0\language-server\BOOT-INF\classes\application.properties 
java_command: org.springframework.ide.vscode.boot.app.BootLanguageServerBootApp
java_class_path (initial): c:\Users\Asus\.vscode\extensions\vmware.vscode-spring-boot-1.51.0\language-server\BOOT-INF\classes;c:\Users\Asus\.vscode\extensions\vmware.vscode-spring-boot-1.51.0\language-server\BOOT-INF\lib\annotations-24.1.0.jar;c:\Users\Asus\.vscode\extensions\vmware.vscode-spring-boot-1.51.0\language-server\BOOT-INF\lib\antlr-runtime-3.5.3.jar;c:\Users\Asus\.vscode\extensions\vmware.vscode-spring-boot-1.51.0\language-server\BOOT-INF\lib\antlr4-4.11.1.jar;c:\Users\Asus\.vscode\extensions\vmware.vscode-spring-boot-1.51.0\language-server\BOOT-INF\lib\antlr4-runtime-4.11.1.jar;c:\Users\Asus\.vscode\extensions\vmware.vscode-spring-boot-1.51.0\language-server\BOOT-INF\lib\asm-9.6.jar;c:\Users\Asus\.vscode\extensions\vmware.vscode-spring-boot-1.51.0\language-server\BOOT-INF\lib\asm-analysis-9.6.jar;c:\Users\Asus\.vscode\extensions\vmware.vscode-spring-boot-1.51.0\language-server\BOOT-INF\lib\asm-tree-9.6.jar;c:\Users\Asus\.vscode\extensions\vmware.vscode-spring-boot-1.51.0\language-server\BOOT-INF\lib\asm-util-9.6.jar;c:\Users\Asus\.vscode\extensions\vmware.vscode-spring-boot-1.51.0\language-server\BOOT-INF\lib\bosh-language-server-1.51.0-SNAPSHOT.jar;c:\Users\Asus\.vscode\extensions\vmware.vscode-spring-boot-1.51.0\language-server\BOOT-INF\lib\caffeine-3.1.8.jar;c:\Users\Asus\.vscode\extensions\vmware.vscode-spring-boot-1.51.0\language-server\BOOT-INF\lib\checker-qual-3.12.0.jar;c:\Users\Asus\.vscode\extensions\vmware.vscode-spring-boot-1.51.0\language-server\BOOT-INF\lib\classgraph-4.8.149.jar;c:\Users\Asus\.vscode\extensions\vmware.vscode-spring-boot-1.51.0\language-server\BOOT-INF\lib\commons-codec-1.15.jar;c:\Users\Asus\.vscode\extensions\vmware.vscode-spring-boot-1.51.0\language-server\BOOT-INF\lib\commons-compress-1.25.0.jar;c:\Users\Asus\.vscode\extensions\vmware.vscode-spring-boot-1.51.0\language-server\BOOT-INF\lib\commons-io-2.4.jar;c:\Users\Asus\.vscode\extensions\vmware.vscode-spring-boot-1.51.0\language-server\BOOT-INF\lib\commons-java-1.51
Launcher Type: SUN_STANDARD

[Global flags]
     intx CICompilerCount                          = 4                                         {product} {ergonomic}
     uint ConcGCThreads                            = 2                                         {product} {ergonomic}
     uint G1ConcRefinementThreads                  = 8                                         {product} {ergonomic}
   size_t G1HeapRegionSize                         = 1048576                                   {product} {ergonomic}
    uintx GCDrainStackTargetSize                   = 64                                        {product} {ergonomic}
     bool HeapDumpOnOutOfMemoryError               = true                                   {manageable} {command line}
   size_t InitialHeapSize                          = 130023424                                 {product} {ergonomic}
   size_t MarkStackSize                            = 4194304                                   {product} {ergonomic}
   size_t MaxHeapSize                              = 1073741824                                {product} {command line}
   size_t MaxNewSize                               = 643825664                                 {product} {ergonomic}
   size_t MinHeapDeltaBytes                        = 1048576                                   {product} {ergonomic}
   size_t MinHeapSize                              = 8388608                                   {product} {ergonomic}
    uintx NonProfiledCodeHeapSize                  = 0                                      {pd product} {ergonomic}
     bool ProfileInterpreter                       = false                                  {pd product} {command line}
    uintx ProfiledCodeHeapSize                     = 0                                      {pd product} {ergonomic}
   size_t SoftMaxHeapSize                          = 1073741824                             {manageable} {ergonomic}
     intx TieredStopAtLevel                        = 1                                         {product} {command line}
     bool UseCompressedClassPointers               = true                           {product lp64_product} {ergonomic}
     bool UseCompressedOops                        = true                           {product lp64_product} {ergonomic}
     bool UseG1GC                                  = true                                      {product} {ergonomic}
     bool UseLargePagesIndividualAllocation        = false                                  {pd product} {ergonomic}

Logging:
Log output configuration:
 #0: stdout all=warning,jni+resolve=off uptime,level,tags
 #1: stderr all=off uptime,level,tags

Environment Variables:
JAVA_HOME=C:\Program Files\Java\jdk-17
PATH=C:\Program Files\Java\jdk-17\bin;C:\Program Files\Common Files\Oracle\Java\javapath;C:\Users\Asus\AppData\Local\Programs\Python\Python39\Scripts\;C:\Users\Asus\AppData\Local\Programs\Python\Python39\;C:\Users\Asus\AppData\Local\Microsoft\WindowsApps;C:\Users\Asus\AppData\Local\Programs\Microsoft VS Code\bin;C:\MinGW\bin;C:\Users\Asus\Documents\flutter folder\flutter\bin;C:\Program Files\PostgreSQL\15\bin;"C:\WINDOWS;";"C:\WINDOWS\system32;C:\Program Files\PostgreSQL\15\bin";C:\Program Files\Git\cmd;C:\Program Files\Docker\Docker\resources\bin;C:\Users\Asus\AppData\Local\Programs\Python\Python39\Scripts\;C:\Users\Asus\AppData\Local\Programs\Python\Python39\;C:\Users\Asus\AppData\Local\Microsoft\WindowsApps;C:\Users\Asus\AppData\Local\Programs\Microsoft VS Code\bin;C:\MinGW\bin;C:\Users\Asus\Documents\flutter-folder\flutter\bin;C:\Program Files\PostgreSQL\15\bin;"C:\WINDOWS;";"C:\WINDOWS\system32;C:\Program Files\PostgreSQL\15\bin";C:\Windows\System32;C:\WINDOWS\System32;C:\Windows\System32\OpenSSH;C:\Users\Asus\flutter\bin;
USERNAME=Asus
OS=Windows_NT
PROCESSOR_IDENTIFIER=Intel64 Family 6 Model 140 Stepping 1, GenuineIntel
TMP=C:\Users\Asus\AppData\Local\Temp
TEMP=C:\Users\Asus\AppData\Local\Temp



Periodic native trim disabled


---------------  S Y S T E M  ---------------

OS:
 Windows 11 , 64 bit Build 22621 (10.0.22621.2506)
OS uptime: 0 days 1:10 hours
Hyper-V role detected

CPU: total 8 (initial active 8) (4 cores per cpu, 2 threads per core) family 6 model 140 stepping 1 microcode 0x86, cx8, cmov, fxsr, ht, mmx, 3dnowpref, sse, sse2, sse3, ssse3, sse4.1, sse4.2, popcnt, lzcnt, tsc, tscinvbit, avx, avx2, aes, erms, clmul, bmi1, bmi2, adx, avx512f, avx512dq, avx512cd, avx512bw, avx512vl, sha, fma, vzeroupper, avx512_vpopcntdq, avx512_vpclmulqdq, avx512_vaes, avx512_vnni, clflush, clflushopt, clwb, avx512_vbmi2, avx512_vbmi, hv
Processor Information for all 8 processors :
  Max Mhz: 2803, Current Mhz: 2803, Mhz Limit: 2803

Memory: 4k page, system-wide physical 7870M (485M free)
TotalPageFile size 32446M (AvailPageFile size 3M)
current process WorkingSet (physical memory assigned to process): 6M, peak: 172M
current process commit charge ("private bytes"): 207M, peak: 228M

vm_info: OpenJDK 64-Bit Server VM (17.0.9+9) for windows-amd64 JRE (17.0.9+9), built on Oct 26 2023 14:01:42 by "admin" with MS VC++ 16.10 / 16.11 (VS2019)

END.
